# JRE version: Java(TM) SE Runtime Environment (8.0_144-b01) (build 1.8.0_144-b01)
# Java VM: Java HotSpot(TM) 64-Bit Server VM (25.144-b01 mixed mode linux-amd64 compressed oops)
Heap:
 PSYoungGen      total 135168K, used 11776K [0x00000000eb600000, 0x00000000f4700000, 0x0000000100000000)
  eden space 123392K, 0% used [0x00000000eb600000,0x00000000eb600000,0x00000000f2e80000)
  from space 11776K, 100% used [0x00000000f2e80000,0x00000000f3a00000,0x00000000f3a00000)
  to   space 10240K, 0% used [0x00000000f3a00000,0x00000000f3a00000,0x00000000f4400000)
 ParOldGen       total 42496K, used 14827K [0x00000000c2200000, 0x00000000c4b80000, 0x00000000eb600000)
  object space 42496K, 34% used [0x00000000c2200000,0x00000000c307ae50,0x00000000c4b80000)
 Metaspace       used 15293K, capacity 15614K, committed 16000K, reserved 1062912K
  class space    used 1745K, capacity 1800K, committed 1920K, reserved 1048576K
GC Heap History (10 events):
Event: 1.286 GC heap after
Heap after GC invocations=4 (full 0):
 PSYoungGen      total 34304K, used 2560K [0x00000000eb600000, 0x00000000eda00000, 0x0000000100000000)
  eden space 31744K, 0% used [0x00000000eb600000,0x00000000eb600000,0x00000000ed500000)
  from space 2560K, 100% used [0x00000000ed780000,0x00000000eda00000,0x00000000eda00000)
  to   space 2560K, 0% used [0x00000000ed500000,0x00000000ed500000,0x00000000ed780000)
 ParOldGen       total 42496K, used 3124K [0x00000000c2200000, 0x00000000c4b80000, 0x00000000eb600000)
  object space 42496K, 7% used [0x00000000c2200000,0x00000000c250d020,0x00000000c4b80000)
 Metaspace       used 11131K, capacity 11284K, committed 11520K, reserved 1058816K
  class space    used 1377K, capacity 1436K, committed 1536K, reserved 1048576K
}
Event: 1.674 GC heap before
{Heap before GC invocations=5 (full 0):
 PSYoungGen      total 34304K, used 34304K [0x00000000eb600000, 0x00000000eda00000, 0x0000000100000000)
  eden space 31744K, 100% used [0x00000000eb600000,0x00000000ed500000,0x00000000ed500000)
  from space 2560K, 100% used [0x00000000ed780000,0x00000000eda00000,0x00000000eda00000)
  to   space 2560K, 0% used [0x00000000ed500000,0x00000000ed500000,0x00000000ed780000)
 ParOldGen       total 42496K, used 3124K [0x00000000c2200000, 0x00000000c4b80000, 0x00000000eb600000)
  object space 42496K, 7% used [0x00000000c2200000,0x00000000c250d020,0x00000000c4b80000)
 Metaspace       used 13241K, capacity 13448K, committed 13696K, reserved 1060864K
  class space    used 1581K, capacity 1640K, committed 1664K, reserved 1048576K
Event: 1.686 GC heap after
Heap after GC invocations=5 (full 0):
 PSYoungGen      total 34304K, used 2544K [0x00000000eb600000, 0x00000000f0200000, 0x0000000100000000)
  eden space 31744K, 0% used [0x00000000eb600000,0x00000000eb600000,0x00000000ed500000)
  from space 2560K, 99% used [0x00000000ed500000,0x00000000ed77c010,0x00000000ed780000)
  to   space 7168K, 0% used [0x00000000efb00000,0x00000000efb00000,0x00000000f0200000)
 ParOldGen       total 42496K, used 8576K [0x00000000c2200000, 0x00000000c4b80000, 0x00000000eb600000)
  object space 42496K, 20% used [0x00000000c2200000,0x00000000c2a60258,0x00000000c4b80000)
 Metaspace       used 13241K, capacity 13448K, committed 13696K, reserved 1060864K
  class space    used 1581K, capacity 1640K, committed 1664K, reserved 1048576K
}
Event: 1.805 GC heap before
{Heap before GC invocations=6 (full 0):
 PSYoungGen      total 34304K, used 34288K [0x00000000eb600000, 0x00000000f0200000, 0x0000000100000000)
  eden space 31744K, 100% used [0x00000000eb600000,0x00000000ed500000,0x00000000ed500000)
  from space 2560K, 99% used [0x00000000ed500000,0x00000000ed77c010,0x00000000ed780000)
  to   space 7168K, 0% used [0x00000000efb00000,0x00000000efb00000,0x00000000f0200000)
 ParOldGen       total 42496K, used 8576K [0x00000000c2200000, 0x00000000c4b80000, 0x00000000eb600000)
  object space 42496K, 20% used [0x00000000c2200000,0x00000000c2a60258,0x00000000c4b80000)
 Metaspace       used 13292K, capacity 13576K, committed 13696K, reserved 1060864K
  class space    used 1581K, capacity 1640K, committed 1664K, reserved 1048576K
Event: 1.816 GC heap after
Heap after GC invocations=6 (full 0):
 PSYoungGen      total 69632K, used 6144K [0x00000000eb600000, 0x00000000f0400000, 0x0000000100000000)
  eden space 62464K, 0% used [0x00000000eb600000,0x00000000eb600000,0x00000000ef300000)
  from space 7168K, 85% used [0x00000000efb00000,0x00000000f0100020,0x00000000f0200000)
  to   space 8192K, 0% used [0x00000000ef300000,0x00000000ef300000,0x00000000efb00000)
 ParOldGen       total 42496K, used 8576K [0x00000000c2200000, 0x00000000c4b80000, 0x00000000eb600000)
  object space 42496K, 20% used [0x00000000c2200000,0x00000000c2a60258,0x00000000c4b80000)
 Metaspace       used 13292K, capacity 13576K, committed 13696K, reserved 1060864K
  class space    used 1581K, capacity 1640K, committed 1664K, reserved 1048576K
}
Event: 2.185 GC heap before
{Heap before GC invocations=7 (full 0):
 PSYoungGen      total 69632K, used 68608K [0x00000000eb600000, 0x00000000f0400000, 0x0000000100000000)
  eden space 62464K, 100% used [0x00000000eb600000,0x00000000ef300000,0x00000000ef300000)
  from space 7168K, 85% used [0x00000000efb00000,0x00000000f0100020,0x00000000f0200000)
  to   space 8192K, 0% used [0x00000000ef300000,0x00000000ef300000,0x00000000efb00000)
 ParOldGen       total 42496K, used 8576K [0x00000000c2200000, 0x00000000c4b80000, 0x00000000eb600000)
  object space 42496K, 20% used [0x00000000c2200000,0x00000000c2a60258,0x00000000c4b80000)
 Metaspace       used 13861K, capacity 14104K, committed 14336K, reserved 1062912K
  class space    used 1634K, capacity 1710K, committed 1792K, reserved 1048576K
Event: 2.200 GC heap after
Heap after GC invocations=7 (full 0):
 PSYoungGen      total 70656K, used 8176K [0x00000000eb600000, 0x00000000f4400000, 0x0000000100000000)
  eden space 62464K, 0% used [0x00000000eb600000,0x00000000eb600000,0x00000000ef300000)
  from space 8192K, 99% used [0x00000000ef300000,0x00000000efafc010,0x00000000efb00000)
  to   space 10240K, 0% used [0x00000000f3a00000,0x00000000f3a00000,0x00000000f4400000)
 ParOldGen       total 42496K, used 10002K [0x00000000c2200000, 0x00000000c4b80000, 0x00000000eb600000)
  object space 42496K, 23% used [0x00000000c2200000,0x00000000c2bc4b08,0x00000000c4b80000)
 Metaspace       used 13861K, capacity 14104K, committed 14336K, reserved 1062912K
  class space    used 1634K, capacity 1710K, committed 1792K, reserved 1048576K
}
Event: 2.505 GC heap before
{Heap before GC invocations=8 (full 0):
 PSYoungGen      total 70656K, used 70640K [0x00000000eb600000, 0x00000000f4400000, 0x0000000100000000)
  eden space 62464K, 100% used [0x00000000eb600000,0x00000000ef300000,0x00000000ef300000)
  from space 8192K, 99% used [0x00000000ef300000,0x00000000efafc010,0x00000000efb00000)
  to   space 10240K, 0% used [0x00000000f3a00000,0x00000000f3a00000,0x00000000f4400000)
 ParOldGen       total 42496K, used 10002K [0x00000000c2200000, 0x00000000c4b80000, 0x00000000eb600000)
  object space 42496K, 23% used [0x00000000c2200000,0x00000000c2bc4b08,0x00000000c4b80000)
 Metaspace       used 14045K, capacity 14232K, committed 14592K, reserved 1062912K
  class space    used 1636K, capacity 1710K, committed 1792K, reserved 1048576K
Event: 2.518 GC heap after
Heap after GC invocations=8 (full 0):
 PSYoungGen      total 133632K, used 10224K [0x00000000eb600000, 0x00000000f4700000, 0x0000000100000000)
  eden space 123392K, 0% used [0x00000000eb600000,0x00000000eb600000,0x00000000f2e80000)
  from space 10240K, 99% used [0x00000000f3a00000,0x00000000f43fc030,0x00000000f4400000)
  to   space 11776K, 0% used [0x00000000f2e80000,0x00000000f2e80000,0x00000000f3a00000)
 ParOldGen       total 42496K, used 11040K [0x00000000c2200000, 0x00000000c4b80000, 0x00000000eb600000)
  object space 42496K, 25% used [0x00000000c2200000,0x00000000c2cc8328,0x00000000c4b80000)
 Metaspace       used 14045K, capacity 14232K, committed 14592K, reserved 1062912K
  class space    used 1636K, capacity 1710K, committed 1792K, reserved 1048576K
}
Event: 3.305 GC heap before
{Heap before GC invocations=9 (full 0):
 PSYoungGen      total 133632K, used 133616K [0x00000000eb600000, 0x00000000f4700000, 0x0000000100000000)
  eden space 123392K, 100% used [0x00000000eb600000,0x00000000f2e80000,0x00000000f2e80000)
  from space 10240K, 99% used [0x00000000f3a00000,0x00000000f43fc030,0x00000000f4400000)
  to   space 11776K, 0% used [0x00000000f2e80000,0x00000000f2e80000,0x00000000f3a00000)
 ParOldGen       total 42496K, used 11040K [0x00000000c2200000, 0x00000000c4b80000, 0x00000000eb600000)
  object space 42496K, 25% used [0x00000000c2200000,0x00000000c2cc8328,0x00000000c4b80000)
 Metaspace       used 15293K, capacity 15614K, committed 16000K, reserved 1062912K
  class space    used 1745K, capacity 1800K, committed 1920K, reserved 1048576K

