# JRE version: Java(TM) SE Runtime Environment (8.0_144-b01) (build 1.8.0_144-b01)
# Java VM: Java HotSpot(TM) 64-Bit Server VM (25.144-b01 mixed mode linux-amd64 compressed oops)
Heap:
 PSYoungGen      total 206848K, used 0K [0x00000000eb600000, 0x00000000fa100000, 0x0000000100000000)
  eden space 191488K, 0% used [0x00000000eb600000,0x00000000eb600000,0x00000000f7100000)
  from space 15360K, 0% used [0x00000000f8600000,0x00000000f8600000,0x00000000f9500000)
  to   space 21504K, 0% used [0x00000000f7100000,0x00000000f7100000,0x00000000f8600000)
 ParOldGen       total 42496K, used 29217K [0x00000000c2200000, 0x00000000c4b80000, 0x00000000eb600000)
  object space 42496K, 68% used [0x00000000c2200000,0x00000000c3e884a0,0x00000000c4b80000)
 Metaspace       used 20700K, capacity 21238K, committed 21296K, reserved 1069056K
  class space    used 2418K, capacity 2564K, committed 2608K, reserved 1048576K
GC Heap History (10 events):
Event: 1.742 GC heap after
Heap after GC invocations=6 (full 0):
 PSYoungGen      total 69632K, used 6112K [0x00000000eb600000, 0x00000000f0400000, 0x0000000100000000)
  eden space 62464K, 0% used [0x00000000eb600000,0x00000000eb600000,0x00000000ef300000)
  from space 7168K, 85% used [0x00000000efb00000,0x00000000f00f8020,0x00000000f0200000)
  to   space 8192K, 0% used [0x00000000ef300000,0x00000000ef300000,0x00000000efb00000)
 ParOldGen       total 42496K, used 8484K [0x00000000c2200000, 0x00000000c4b80000, 0x00000000eb600000)
  object space 42496K, 19% used [0x00000000c2200000,0x00000000c2a49288,0x00000000c4b80000)
 Metaspace       used 13292K, capacity 13576K, committed 13696K, reserved 1060864K
  class space    used 1582K, capacity 1640K, committed 1664K, reserved 1048576K
}
Event: 2.181 GC heap before
{Heap before GC invocations=7 (full 0):
 PSYoungGen      total 69632K, used 68576K [0x00000000eb600000, 0x00000000f0400000, 0x0000000100000000)
  eden space 62464K, 100% used [0x00000000eb600000,0x00000000ef300000,0x00000000ef300000)
  from space 7168K, 85% used [0x00000000efb00000,0x00000000f00f8020,0x00000000f0200000)
  to   space 8192K, 0% used [0x00000000ef300000,0x00000000ef300000,0x00000000efb00000)
 ParOldGen       total 42496K, used 8484K [0x00000000c2200000, 0x00000000c4b80000, 0x00000000eb600000)
  object space 42496K, 19% used [0x00000000c2200000,0x00000000c2a49288,0x00000000c4b80000)
 Metaspace       used 13888K, capacity 14104K, committed 14336K, reserved 1062912K
  class space    used 1636K, capacity 1710K, committed 1792K, reserved 1048576K
Event: 2.196 GC heap after
Heap after GC invocations=7 (full 0):
 PSYoungGen      total 70656K, used 8176K [0x00000000eb600000, 0x00000000f4400000, 0x0000000100000000)
  eden space 62464K, 0% used [0x00000000eb600000,0x00000000eb600000,0x00000000ef300000)
  from space 8192K, 99% used [0x00000000ef300000,0x00000000efafc010,0x00000000efb00000)
  to   space 10240K, 0% used [0x00000000f3a00000,0x00000000f3a00000,0x00000000f4400000)
 ParOldGen       total 42496K, used 10142K [0x00000000c2200000, 0x00000000c4b80000, 0x00000000eb600000)
  object space 42496K, 23% used [0x00000000c2200000,0x00000000c2be7b38,0x00000000c4b80000)
 Metaspace       used 13888K, capacity 14104K, committed 14336K, reserved 1062912K
  class space    used 1636K, capacity 1710K, committed 1792K, reserved 1048576K
}
Event: 2.517 GC heap before
{Heap before GC invocations=8 (full 0):
 PSYoungGen      total 70656K, used 70640K [0x00000000eb600000, 0x00000000f4400000, 0x0000000100000000)
  eden space 62464K, 100% used [0x00000000eb600000,0x00000000ef300000,0x00000000ef300000)
  from space 8192K, 99% used [0x00000000ef300000,0x00000000efafc010,0x00000000efb00000)
  to   space 10240K, 0% used [0x00000000f3a00000,0x00000000f3a00000,0x00000000f4400000)
 ParOldGen       total 42496K, used 10142K [0x00000000c2200000, 0x00000000c4b80000, 0x00000000eb600000)
  object space 42496K, 23% used [0x00000000c2200000,0x00000000c2be7b38,0x00000000c4b80000)
 Metaspace       used 14105K, capacity 14296K, committed 14592K, reserved 1062912K
  class space    used 1637K, capacity 1710K, committed 1792K, reserved 1048576K
Event: 2.548 GC heap after
Heap after GC invocations=8 (full 0):
 PSYoungGen      total 133632K, used 10208K [0x00000000eb600000, 0x00000000f4700000, 0x0000000100000000)
  eden space 123392K, 0% used [0x00000000eb600000,0x00000000eb600000,0x00000000f2e80000)
  from space 10240K, 99% used [0x00000000f3a00000,0x00000000f43f8020,0x00000000f4400000)
  to   space 11776K, 0% used [0x00000000f2e80000,0x00000000f2e80000,0x00000000f3a00000)
 ParOldGen       total 42496K, used 11168K [0x00000000c2200000, 0x00000000c4b80000, 0x00000000eb600000)
  object space 42496K, 26% used [0x00000000c2200000,0x00000000c2ce8348,0x00000000c4b80000)
 Metaspace       used 14105K, capacity 14296K, committed 14592K, reserved 1062912K
  class space    used 1637K, capacity 1710K, committed 1792K, reserved 1048576K
}
Event: 4.373 GC heap before
{Heap before GC invocations=9 (full 0):
 PSYoungGen      total 133632K, used 133600K [0x00000000eb600000, 0x00000000f4700000, 0x0000000100000000)
  eden space 123392K, 100% used [0x00000000eb600000,0x00000000f2e80000,0x00000000f2e80000)
  from space 10240K, 99% used [0x00000000f3a00000,0x00000000f43f8020,0x00000000f4400000)
  to   space 11776K, 0% used [0x00000000f2e80000,0x00000000f2e80000,0x00000000f3a00000)
 ParOldGen       total 42496K, used 11168K [0x00000000c2200000, 0x00000000c4b80000, 0x00000000eb600000)
  object space 42496K, 26% used [0x00000000c2200000,0x00000000c2ce8348,0x00000000c4b80000)
 Metaspace       used 15279K, capacity 15614K, committed 16000K, reserved 1062912K
  class space    used 1747K, capacity 1800K, committed 1920K, reserved 1048576K
Event: 4.491 GC heap after
Heap after GC invocations=9 (full 0):
 PSYoungGen      total 135168K, used 11776K [0x00000000eb600000, 0x00000000f9500000, 0x0000000100000000)
  eden space 123392K, 0% used [0x00000000eb600000,0x00000000eb600000,0x00000000f2e80000)
  from space 11776K, 100% used [0x00000000f2e80000,0x00000000f3a00000,0x00000000f3a00000)
  to   space 15360K, 0% used [0x00000000f8600000,0x00000000f8600000,0x00000000f9500000)
 ParOldGen       total 42496K, used 15234K [0x00000000c2200000, 0x00000000c4b80000, 0x00000000eb600000)
  object space 42496K, 35% used [0x00000000c2200000,0x00000000c30e0a10,0x00000000c4b80000)
 Metaspace       used 15279K, capacity 15614K, committed 16000K, reserved 1062912K
  class space    used 1747K, capacity 1800K, committed 1920K, reserved 1048576K
}
Event: 5.945 GC heap before
{Heap before GC invocations=10 (full 0):
 PSYoungGen      total 135168K, used 91817K [0x00000000eb600000, 0x00000000f9500000, 0x0000000100000000)
  eden space 123392K, 64% used [0x00000000eb600000,0x00000000f042a6b0,0x00000000f2e80000)
  from space 11776K, 100% used [0x00000000f2e80000,0x00000000f3a00000,0x00000000f3a00000)
  to   space 15360K, 0% used [0x00000000f8600000,0x00000000f8600000,0x00000000f9500000)
 ParOldGen       total 42496K, used 15234K [0x00000000c2200000, 0x00000000c4b80000, 0x00000000eb600000)
  object space 42496K, 35% used [0x00000000c2200000,0x00000000c30e0a10,0x00000000c4b80000)
 Metaspace       used 20700K, capacity 21238K, committed 21296K, reserved 1069056K
  class space    used 2418K, capacity 2564K, committed 2608K, reserved 1048576K
Event: 6.100 GC heap after
Heap after GC invocations=10 (full 0):
 PSYoungGen      total 206848K, used 15334K [0x00000000eb600000, 0x00000000fa100000, 0x0000000100000000)
  eden space 191488K, 0% used [0x00000000eb600000,0x00000000eb600000,0x00000000f7100000)
  from space 15360K, 99% used [0x00000000f8600000,0x00000000f94f9948,0x00000000f9500000)
  to   space 21504K, 0% used [0x00000000f7100000,0x00000000f7100000,0x00000000f8600000)
 ParOldGen       total 42496K, used 25910K [0x00000000c2200000, 0x00000000c4b80000, 0x00000000eb600000)
  object space 42496K, 60% used [0x00000000c2200000,0x00000000c3b4d9e0,0x00000000c4b80000)
 Metaspace       used 20700K, capacity 21238K, committed 21296K, reserved 1069056K
  class space    used 2418K, capacity 2564K, committed 2608K, reserved 1048576K
}
Event: 6.106 GC heap before
{Heap before GC invocations=11 (full 1):
 PSYoungGen      total 206848K, used 15334K [0x00000000eb600000, 0x00000000fa100000, 0x0000000100000000)
  eden space 191488K, 0% used [0x00000000eb600000,0x00000000eb600000,0x00000000f7100000)
  from space 15360K, 99% used [0x00000000f8600000,0x00000000f94f9948,0x00000000f9500000)
  to   space 21504K, 0% used [0x00000000f7100000,0x00000000f7100000,0x00000000f8600000)
 ParOldGen       total 42496K, used 25910K [0x00000000c2200000, 0x00000000c4b80000, 0x00000000eb600000)
  object space 42496K, 60% used [0x00000000c2200000,0x00000000c3b4d9e0,0x00000000c4b80000)
 Metaspace       used 20700K, capacity 21238K, committed 21296K, reserved 1069056K
  class space    used 2418K, capacity 2564K, committed 2608K, reserved 1048576K

